
=======================================================================
🔑🔑🔑 MAGIC LINK CREATED AT 2025-04-17T22:08:51.590Z 🔑🔑🔑
-----------------------------------------------------------------------
📧 EMAIL: vince@vinceallen.com
🔗 LINK:  http://localhost:3000/api/auth/callback/email?callbackUrl=http%3A%2F%2Flocalhost%3A3000&token=6602a1f5dc7eecd99dfd68590c6461bbcec03492c5c348ae22941d8dde6bd038&email=vince%40vinceallen.com
=======================================================================


=======================================================================
🔑🔑🔑 MAGIC LINK CREATED AT 2025-04-17T22:20:18.097Z 🔑🔑🔑
-----------------------------------------------------------------------
📧 EMAIL: vince@vinceallen.com
🔗 LINK:  http://localhost:3000/api/auth/callback/email?callbackUrl=http%3A%2F%2Flocalhost%3A3000&token=d45a878818039dcb22ddcd5158ee57a20eb63ed2fdb64047d77af4421200480d&email=vince%40vinceallen.com
=======================================================================


=======================================================================
🔑🔑🔑 MAGIC LINK CREATED AT 2025-04-17T22:20:57.909Z 🔑🔑🔑
-----------------------------------------------------------------------
📧 EMAIL: vince@vinceallen.com
🔗 LINK:  http://localhost:3000/api/auth/callback/email?callbackUrl=http%3A%2F%2Flocalhost%3A3000%2F&token=d05fe90167fc64238bbfe5721f1529ac775040a93238a84d7ca5b95f8b69d458&email=vince%40vinceallen.com
=======================================================================


=======================================================================
🔑🔑🔑 MAGIC LINK CREATED AT 2025-04-18T21:01:28.017Z 🔑🔑🔑
-----------------------------------------------------------------------
📧 EMAIL: vince@vinceallen.com
🔗 LINK:  http://localhost:3000/api/auth/callback/email?callbackUrl=http%3A%2F%2Flocalhost%3A3000&token=4f75f004f9d42e673f6a141c5fe960f5e1c3037abf20e33fd4b79c8081f2b406&email=vince%40vinceallen.com
=======================================================================


=======================================================================
🔑🔑🔑 MAGIC LINK CREATED AT 2025-04-18T21:04:56.154Z 🔑🔑🔑
-----------------------------------------------------------------------
📧 EMAIL: vince@vinceallen.com
🔗 LINK:  http://localhost:3000/api/auth/callback/email?callbackUrl=http%3A%2F%2Flocalhost%3A3000&token=f866b9e7260493d11adb8b4254411ab9b6be2629896c32f3def3677006ba7fa7&email=vince%40vinceallen.com
=======================================================================


=======================================================================
🔑🔑🔑 MAGIC LINK CREATED AT 2025-04-18T21:13:12.588Z 🔑🔑🔑
-----------------------------------------------------------------------
📧 EMAIL: vince@vinceallen.com
🔗 LINK:  http://localhost:3000/api/auth/callback/email?callbackUrl=http%3A%2F%2Flocalhost%3A3000&token=02e1402372b72f27242d4eb42b2282d8774e92b3bee8f68ae1c9daa9a534bbd5&email=vince%40vinceallen.com
=======================================================================


=======================================================================
🔑🔑🔑 MAGIC LINK CREATED AT 2025-04-20T17:29:58.878Z 🔑🔑🔑
-----------------------------------------------------------------------
📧 EMAIL: vince@vinceallen.com
🔗 LINK:  http://localhost:3000/api/auth/callback/email?callbackUrl=http%3A%2F%2Flocalhost%3A3000&token=9cd1f9a73b020177b7fc02f51179db5b9ed6a3df7f6e76505f821836dd71b1b3&email=vince%40vinceallen.com
=======================================================================


=======================================================================
🔑🔑🔑 MAGIC LINK CREATED AT 2025-04-20T21:50:37.847Z 🔑🔑🔑
-----------------------------------------------------------------------
📧 EMAIL: vince@vinceallen.com
🔗 LINK:  http://localhost:3000/api/auth/callback/email?callbackUrl=http%3A%2F%2Flocalhost%3A3000&token=492b9b7fad414209ab21abb8879d0bac2700f8e3f6731c95d8ab24c0ba27e887&email=vince%40vinceallen.com
=======================================================================


=======================================================================
🔑🔑🔑 MAGIC LINK CREATED AT 2025-04-21T12:53:47.452Z 🔑🔑🔑
-----------------------------------------------------------------------
📧 EMAIL: vince@vinceallen.com
🔗 LINK:  http://localhost:3000/api/auth/callback/email?callbackUrl=http%3A%2F%2Flocalhost%3A3000&token=0f6f810f9c6440ad24558c152438703c21aa3af575ebbfa1e825a689cfd34b6e&email=vince%40vinceallen.com
=======================================================================


=======================================================================
🔑🔑🔑 MAGIC LINK CREATED AT 2025-04-21T15:24:30.928Z 🔑🔑🔑
-----------------------------------------------------------------------
📧 EMAIL: vince@vinceallen.com
🔗 LINK:  http://localhost:3000/api/auth/callback/email?callbackUrl=http%3A%2F%2Flocalhost%3A3000&token=247d828adfe9e65c56afb739ac66f126d716d0fbc299fdb12242fbee67e60845&email=vince%40vinceallen.com
=======================================================================


=======================================================================
🔑🔑🔑 MAGIC LINK CREATED AT 2025-04-21T15:28:52.887Z 🔑🔑🔑
-----------------------------------------------------------------------
📧 EMAIL: vince@vinceallen.com
🔗 LINK:  http://localhost:3000/api/auth/callback/email?callbackUrl=http%3A%2F%2Flocalhost%3A3000&token=a77807c20202a729361b0750b4ec0735b858416d7e070bec765be69707270c38&email=vince%40vinceallen.com
=======================================================================


=======================================================================
🔑🔑🔑 MAGIC LINK CREATED AT 2025-04-22T22:23:18.216Z 🔑🔑🔑
-----------------------------------------------------------------------
📧 EMAIL: vince@vinceallen.com
🔗 LINK:  http://localhost:3000/api/auth/callback/email?callbackUrl=http%3A%2F%2Flocalhost%3A3000&token=2e4e840e370fa9ea93800267b9c76109a6e3d4c603214b87cdcb2f09e5c1f086&email=vince%40vinceallen.com
=======================================================================


=======================================================================
🔑🔑🔑 MAGIC LINK CREATED AT 2025-04-23T16:09:48.216Z 🔑🔑🔑
-----------------------------------------------------------------------
📧 EMAIL: vince@vinceallen.com
🔗 LINK:  http://localhost:3000/api/auth/callback/email?callbackUrl=http%3A%2F%2Flocalhost%3A3000&token=7f5c3aa5c0208452e860702f3ad5eb1fa2548dd576354f76d6bd6c83a39d573e&email=vince%40vinceallen.com
=======================================================================


=======================================================================
🔑🔑🔑 MAGIC LINK CREATED AT 2025-04-23T18:48:43.057Z 🔑🔑🔑
-----------------------------------------------------------------------
📧 EMAIL: vince@vinceallen.com
🔗 LINK:  http://localhost:3000/api/auth/callback/email?callbackUrl=http%3A%2F%2Flocalhost%3A3000&token=d633ea340f5e1369317a249c0519db70d69d5519c49e2cdfbb103150014a484d&email=vince%40vinceallen.com
=======================================================================


=======================================================================
🔑🔑🔑 MAGIC LINK CREATED AT 2025-04-23T19:08:41.726Z 🔑🔑🔑
-----------------------------------------------------------------------
📧 EMAIL: vince@vinceallen.com
🔗 LINK:  http://localhost:3000/api/auth/callback/email?callbackUrl=http%3A%2F%2Flocalhost%3A3000&token=22df6fb40c4641fdae03adc33c082ab342928603be3a8adee9a61f3eb6b45642&email=vince%40vinceallen.com
=======================================================================


=======================================================================
🔑🔑🔑 MAGIC LINK CREATED AT 2025-04-25T21:18:51.455Z 🔑🔑🔑
-----------------------------------------------------------------------
📧 EMAIL: vince@vinceallen.com
🔗 LINK:  http://localhost:3000/api/auth/callback/email?callbackUrl=http%3A%2F%2Flocalhost%3A3000%2F&token=9f03734357db991dacac5740ce4fc1ae12a1e314d4e3d974f9e087438c2761b4&email=vince%40vinceallen.com
=======================================================================


=======================================================================
🔑🔑🔑 MAGIC LINK CREATED AT 2025-04-27T21:49:51.747Z 🔑🔑🔑
-----------------------------------------------------------------------
📧 EMAIL: vince@vinceallen.com
🔗 LINK:  http://localhost:3000/api/auth/callback/email?callbackUrl=http%3A%2F%2Flocalhost%3A3000&token=f1221ac2cf1f231097277b612a40743df2108055e8336443e5265d4adf36dde8&email=vince%40vinceallen.com
=======================================================================


=======================================================================
🔑🔑🔑 MAGIC LINK CREATED AT 2025-04-27T21:51:08.512Z 🔑🔑🔑
-----------------------------------------------------------------------
📧 EMAIL: vince@vinceallen.com
🔗 LINK:  http://localhost:3000/api/auth/callback/email?callbackUrl=http%3A%2F%2Flocalhost%3A3000&token=7696be040339f3e58ba87bce071685e6d45641e6ec454102c2dd2c39221d24bc&email=vince%40vinceallen.com
=======================================================================

